c:\hlocal\proyectossdl\holasdl\debug\vc120.pdb
c:\hlocal\proyectossdl\holasdl\debug\vc120.idb
c:\hlocal\proyectossdl\holasdl\debug\ball.obj
c:\hlocal\proyectossdl\holasdl\debug\collisions.obj
c:\hlocal\proyectossdl\holasdl\debug\demoactor.obj
c:\hlocal\proyectossdl\holasdl\debug\examplegame.obj
c:\hlocal\proyectossdl\holasdl\debug\font.obj
c:\hlocal\proyectossdl\holasdl\debug\gameobject.obj
c:\hlocal\proyectossdl\holasdl\debug\main.obj
c:\hlocal\proyectossdl\holasdl\debug\music.obj
c:\hlocal\proyectossdl\holasdl\debug\paddle.obj
c:\hlocal\proyectossdl\holasdl\debug\paddlewithai.obj
c:\hlocal\proyectossdl\holasdl\debug\paddlewithaiwithtransrect.obj
c:\hlocal\proyectossdl\holasdl\debug\paddlewithmouse.obj
c:\hlocal\proyectossdl\holasdl\debug\paddlewithmousewithtransrect.obj
c:\hlocal\proyectossdl\holasdl\debug\paddlewithtransrect.obj
c:\hlocal\proyectossdl\holasdl\debug\resources.obj
c:\hlocal\proyectossdl\holasdl\debug\sdlgame.obj
c:\hlocal\proyectossdl\holasdl\debug\soundeffect.obj
c:\hlocal\proyectossdl\holasdl\debug\texture.obj
c:\hlocal\proyectossdl\holasdl\debug\vector2d.obj
c:\hlocal\proyectossdl\bin\holasdldebug.lib
c:\hlocal\proyectossdl\bin\holasdldebug.exp
c:\hlocal\proyectossdl\bin\holasdldebug.ilk
c:\hlocal\proyectossdl\bin\holasdldebug.exe
c:\hlocal\proyectossdl\bin\holasdldebug.pdb
c:\hlocal\proyectossdl\holasdl\debug\holasdl.tlog\cl.command.1.tlog
c:\hlocal\proyectossdl\holasdl\debug\holasdl.tlog\cl.read.1.tlog
c:\hlocal\proyectossdl\holasdl\debug\holasdl.tlog\cl.write.1.tlog
c:\hlocal\proyectossdl\holasdl\debug\holasdl.tlog\holasdl.write.1u.tlog
c:\hlocal\proyectossdl\holasdl\debug\holasdl.tlog\link.command.1.tlog
c:\hlocal\proyectossdl\holasdl\debug\holasdl.tlog\link.read.1.tlog
c:\hlocal\proyectossdl\holasdl\debug\holasdl.tlog\link.write.1.tlog
