Compilación iniciada a las 20/02/2018 16:04:59.
     1>Proyecto "C:\Users\TEMP.FDIB02P080241.014\Downloads\ProyectosSDL\HolaSDL\HolaSDL.vcxproj" en el nodo 2 (Build destinos).
     1>ClCompile:
         C:\Program Files (x86)\Microsoft Visual Studio 12.0\VC\bin\CL.exe /c /ZI /nologo /W3 /WX- /sdl /Od /Oy- /D _MBCS /Gm /EHsc /RTC1 /MDd /GS /fp:precise /Zc:wchar_t /Zc:forScope /Fo"Debug\\" /Fd"Debug\vc120.pdb" /Gd /TP /analyze- /errorReport:prompt GameState.cpp GameStateMachine.cpp
         GameStateMachine.cpp
         GameState.cpp
         Generando código...
       Link:
         C:\Program Files (x86)\Microsoft Visual Studio 12.0\VC\bin\link.exe /ERRORREPORT:PROMPT /OUT:"C:\Users\TEMP.FDIB02P080241.014\Downloads\ProyectosSDL\bin\HolaSDLDebug.exe" /INCREMENTAL /NOLOGO SDL2.lib SDL2main.lib SDL2_image.lib SDL2_ttf.lib SDL2_mixer.lib SDL2_net.lib kernel32.lib user32.lib gdi32.lib winspool.lib comdlg32.lib advapi32.lib shell32.lib ole32.lib oleaut32.lib uuid.lib odbc32.lib odbccp32.lib /MANIFEST /MANIFESTUAC:"level='asInvoker' uiAccess='false'" /manifest:embed /DEBUG /PDB:"C:\Users\TEMP.FDIB02P080241.014\Downloads\ProyectosSDL\bin\HolaSDLDebug.pdb" /SUBSYSTEM:CONSOLE /TLBID:1 /DYNAMICBASE /NXCOMPAT /IMPLIB:"C:\Users\TEMP.FDIB02P080241.014\Downloads\ProyectosSDL\bin\HolaSDLDebug.lib" /MACHINE:X86 Debug\Font.obj
         Debug\GameObject.obj
         Debug\GameState.obj
         Debug\GameStateMachine.obj
         Debug\main.obj
         Debug\Music.obj
         Debug\SoundEffect.obj
         Debug\Texture.obj
         Debug\Vector2D.obj
         HolaSDL.vcxproj -> C:\Users\TEMP.FDIB02P080241.014\Downloads\ProyectosSDL\bin\HolaSDLDebug.exe
     1>Compilación del proyecto terminada "C:\Users\TEMP.FDIB02P080241.014\Downloads\ProyectosSDL\HolaSDL\HolaSDL.vcxproj" (Build destinos).

Compilación correcta.

Tiempo transcurrido 00:00:04.70
